<?xml version="1.0" encoding="UTF-8"?>
<testsuite name="sFinancial.TestSfinancial" tests="1" skipped="0" failures="1" errors="0" timestamp="2020-10-30T14:40:15" hostname="flpe" time="3.369">
  <properties/>
  <testcase name="testSfinancial" classname="sFinancial.TestSfinancial" time="3.369">
    <failure message="java.lang.AssertionError: expected:&lt;kotlin.jvm.internal.StringCompanionObject@6c6ab10d&gt; but was:&lt;mongodb+srv://admin:proIvbwtemnYsvAm@database.hwxyu.gcp.mongodb.net/apiPoo2020?retryWrites=true&amp;w=majority&gt;" type="java.lang.AssertionError">java.lang.AssertionError: expected:&lt;kotlin.jvm.internal.StringCompanionObject@6c6ab10d&gt; but was:&lt;mongodb+srv://admin:proIvbwtemnYsvAm@database.hwxyu.gcp.mongodb.net/apiPoo2020?retryWrites=true&amp;w=majority&gt;
	at org.junit.Assert.fail(Assert.java:89)
	at org.junit.Assert.failNotEquals(Assert.java:835)
	at org.junit.Assert.assertEquals(Assert.java:120)
	at org.junit.Assert.assertEquals(Assert.java:146)
	at sFinancial.config.TestNettyConfig.testConnectionString(TestNettyConfig.kt:21)
	at sFinancial.config.TestNettyConfig.testAll(TestNettyConfig.kt:11)
	at sFinancial.TestSfinancial.testSfinancial(TestSfinancial.kt:13)
	at java.base/jdk.internal.reflect.NativeMethodAccessorImpl.invoke0(Native Method)
	at java.base/jdk.internal.reflect.NativeMethodAccessorImpl.invoke(NativeMethodAccessorImpl.java:62)
	at java.base/jdk.internal.reflect.DelegatingMethodAccessorImpl.invoke(DelegatingMethodAccessorImpl.java:43)
	at java.base/java.lang.reflect.Method.invoke(Method.java:566)
	at org.junit.runners.model.FrameworkMethod$1.runReflectiveCall(FrameworkMethod.java:59)
	at org.junit.internal.runners.model.ReflectiveCallable.run(ReflectiveCallable.java:12)
	at org.junit.runners.model.FrameworkMethod.invokeExplosively(FrameworkMethod.java:56)
	at org.junit.internal.runners.statements.InvokeMethod.evaluate(InvokeMethod.java:17)
	at org.junit.runners.ParentRunner$3.evaluate(ParentRunner.java:306)
	at org.junit.runners.BlockJUnit4ClassRunner$1.evaluate(BlockJUnit4ClassRunner.java:100)
	at org.junit.runners.ParentRunner.runLeaf(ParentRunner.java:366)
	at org.junit.runners.BlockJUnit4ClassRunner.runChild(BlockJUnit4ClassRunner.java:103)
	at org.junit.runners.BlockJUnit4ClassRunner.runChild(BlockJUnit4ClassRunner.java:63)
	at org.junit.runners.ParentRunner$4.run(ParentRunner.java:331)
	at org.junit.runners.ParentRunner$1.schedule(ParentRunner.java:79)
	at org.junit.runners.ParentRunner.runChildren(ParentRunner.java:329)
	at org.junit.runners.ParentRunner.access$100(ParentRunner.java:66)
	at org.junit.runners.ParentRunner$2.evaluate(ParentRunner.java:293)
	at org.junit.runners.ParentRunner$3.evaluate(ParentRunner.java:306)
	at org.junit.runners.ParentRunner.run(ParentRunner.java:413)
	at org.gradle.api.internal.tasks.testing.junit.JUnitTestClassExecutor.runTestClass(JUnitTestClassExecutor.java:110)
	at org.gradle.api.internal.tasks.testing.junit.JUnitTestClassExecutor.execute(JUnitTestClassExecutor.java:58)
	at org.gradle.api.internal.tasks.testing.junit.JUnitTestClassExecutor.execute(JUnitTestClassExecutor.java:38)
	at org.gradle.api.internal.tasks.testing.junit.AbstractJUnitTestClassProcessor.processTestClass(AbstractJUnitTestClassProcessor.java:62)
	at org.gradle.api.internal.tasks.testing.SuiteTestClassProcessor.processTestClass(SuiteTestClassProcessor.java:51)
	at java.base/jdk.internal.reflect.NativeMethodAccessorImpl.invoke0(Native Method)
	at java.base/jdk.internal.reflect.NativeMethodAccessorImpl.invoke(NativeMethodAccessorImpl.java:62)
	at java.base/jdk.internal.reflect.DelegatingMethodAccessorImpl.invoke(DelegatingMethodAccessorImpl.java:43)
	at java.base/java.lang.reflect.Method.invoke(Method.java:566)
	at org.gradle.internal.dispatch.ReflectionDispatch.dispatch(ReflectionDispatch.java:36)
	at org.gradle.internal.dispatch.ReflectionDispatch.dispatch(ReflectionDispatch.java:24)
	at org.gradle.internal.dispatch.ContextClassLoaderDispatch.dispatch(ContextClassLoaderDispatch.java:33)
	at org.gradle.internal.dispatch.ProxyDispatchAdapter$DispatchingInvocationHandler.invoke(ProxyDispatchAdapter.java:94)
	at com.sun.proxy.$Proxy2.processTestClass(Unknown Source)
	at org.gradle.api.internal.tasks.testing.worker.TestWorker.processTestClass(TestWorker.java:119)
	at java.base/jdk.internal.reflect.NativeMethodAccessorImpl.invoke0(Native Method)
	at java.base/jdk.internal.reflect.NativeMethodAccessorImpl.invoke(NativeMethodAccessorImpl.java:62)
	at java.base/jdk.internal.reflect.DelegatingMethodAccessorImpl.invoke(DelegatingMethodAccessorImpl.java:43)
	at java.base/java.lang.reflect.Method.invoke(Method.java:566)
	at org.gradle.internal.dispatch.ReflectionDispatch.dispatch(ReflectionDispatch.java:36)
	at org.gradle.internal.dispatch.ReflectionDispatch.dispatch(ReflectionDispatch.java:24)
	at org.gradle.internal.remote.internal.hub.MessageHubBackedObjectConnection$DispatchWrapper.dispatch(MessageHubBackedObjectConnection.java:182)
	at org.gradle.internal.remote.internal.hub.MessageHubBackedObjectConnection$DispatchWrapper.dispatch(MessageHubBackedObjectConnection.java:164)
	at org.gradle.internal.remote.internal.hub.MessageHub$Handler.run(MessageHub.java:414)
	at org.gradle.internal.concurrent.ExecutorPolicy$CatchAndRecordFailures.onExecute(ExecutorPolicy.java:64)
	at org.gradle.internal.concurrent.ManagedExecutorImpl$1.run(ManagedExecutorImpl.java:48)
	at java.base/java.util.concurrent.ThreadPoolExecutor.runWorker(ThreadPoolExecutor.java:1128)
	at java.base/java.util.concurrent.ThreadPoolExecutor$Worker.run(ThreadPoolExecutor.java:628)
	at org.gradle.internal.concurrent.ThreadFactoryImpl$ManagedThreadRunnable.run(ThreadFactoryImpl.java:56)
	at java.base/java.lang.Thread.run(Thread.java:834)
</failure>
  </testcase>
  <system-out><![CDATA[11:40:15.690 [Test worker] INFO org.mongodb.driver.cluster - Cluster created with settings {hosts=[127.0.0.1:27017], srvHost=database.hwxyu.gcp.mongodb.net, mode=MULTIPLE, requiredClusterType=REPLICA_SET, serverSelectionTimeout='30000 ms', requiredReplicaSetName='atlas-kqytp0-shard-0'}
11:40:15.737 [cluster-ClusterId{value='5f9c25cf0a471015d357d459', description='null'}-srv-database.hwxyu.gcp.mongodb.net] INFO org.mongodb.driver.cluster - Adding discovered server database-shard-00-01.hwxyu.gcp.mongodb.net:27017 to client view of cluster
11:40:15.768 [cluster-ClusterId{value='5f9c25cf0a471015d357d459', description='null'}-srv-database.hwxyu.gcp.mongodb.net] INFO org.mongodb.driver.cluster - Adding discovered server database-shard-00-02.hwxyu.gcp.mongodb.net:27017 to client view of cluster
11:40:15.769 [cluster-ClusterId{value='5f9c25cf0a471015d357d459', description='null'}-srv-database.hwxyu.gcp.mongodb.net] INFO org.mongodb.driver.cluster - Adding discovered server database-shard-00-00.hwxyu.gcp.mongodb.net:27017 to client view of cluster
11:40:15.770 [cluster-ClusterId{value='5f9c25cf0a471015d357d459', description='null'}-srv-database.hwxyu.gcp.mongodb.net] DEBUG org.mongodb.driver.cluster - Updating cluster description to  {type=REPLICA_SET, servers=[{address=database-shard-00-01.hwxyu.gcp.mongodb.net:27017, type=UNKNOWN, state=CONNECTING}, {address=database-shard-00-02.hwxyu.gcp.mongodb.net:27017, type=UNKNOWN, state=CONNECTING}, {address=database-shard-00-00.hwxyu.gcp.mongodb.net:27017, type=UNKNOWN, state=CONNECTING}]
11:40:16.320 [cluster-ClusterId{value='5f9c25cf0a471015d357d459', description='null'}-database-shard-00-01.hwxyu.gcp.mongodb.net:27017] INFO org.mongodb.driver.connection - Opened connection [connectionId{localValue:3, serverValue:118031}] to database-shard-00-01.hwxyu.gcp.mongodb.net:27017
11:40:16.320 [cluster-ClusterId{value='5f9c25cf0a471015d357d459', description='null'}-database-shard-00-02.hwxyu.gcp.mongodb.net:27017] INFO org.mongodb.driver.connection - Opened connection [connectionId{localValue:5, serverValue:118966}] to database-shard-00-02.hwxyu.gcp.mongodb.net:27017
11:40:16.320 [cluster-ClusterId{value='5f9c25cf0a471015d357d459', description='null'}-database-shard-00-00.hwxyu.gcp.mongodb.net:27017] INFO org.mongodb.driver.connection - Opened connection [connectionId{localValue:1, serverValue:115830}] to database-shard-00-00.hwxyu.gcp.mongodb.net:27017
11:40:16.320 [cluster-rtt-ClusterId{value='5f9c25cf0a471015d357d459', description='null'}-database-shard-00-01.hwxyu.gcp.mongodb.net:27017] INFO org.mongodb.driver.connection - Opened connection [connectionId{localValue:4, serverValue:118031}] to database-shard-00-01.hwxyu.gcp.mongodb.net:27017
11:40:16.320 [cluster-rtt-ClusterId{value='5f9c25cf0a471015d357d459', description='null'}-database-shard-00-02.hwxyu.gcp.mongodb.net:27017] INFO org.mongodb.driver.connection - Opened connection [connectionId{localValue:2, serverValue:118966}] to database-shard-00-02.hwxyu.gcp.mongodb.net:27017
11:40:16.320 [cluster-rtt-ClusterId{value='5f9c25cf0a471015d357d459', description='null'}-database-shard-00-00.hwxyu.gcp.mongodb.net:27017] INFO org.mongodb.driver.connection - Opened connection [connectionId{localValue:6, serverValue:115830}] to database-shard-00-00.hwxyu.gcp.mongodb.net:27017
11:40:16.330 [cluster-ClusterId{value='5f9c25cf0a471015d357d459', description='null'}-database-shard-00-02.hwxyu.gcp.mongodb.net:27017] INFO org.mongodb.driver.cluster - Monitor thread successfully connected to server with description ServerDescription{address=database-shard-00-02.hwxyu.gcp.mongodb.net:27017, type=REPLICA_SET_PRIMARY, state=CONNECTED, ok=true, minWireVersion=0, maxWireVersion=8, maxDocumentSize=16777216, logicalSessionTimeoutMinutes=30, roundTripTimeNanos=331334306, setName='atlas-kqytp0-shard-0', canonicalAddress=database-shard-00-02.hwxyu.gcp.mongodb.net:27017, hosts=[database-shard-00-02.hwxyu.gcp.mongodb.net:27017, database-shard-00-01.hwxyu.gcp.mongodb.net:27017, database-shard-00-00.hwxyu.gcp.mongodb.net:27017], passives=[], arbiters=[], primary='database-shard-00-02.hwxyu.gcp.mongodb.net:27017', tagSet=TagSet{[Tag{name='nodeType', value='ELECTABLE'}, Tag{name='provider', value='GCP'}, Tag{name='region', value='SOUTH_AMERICA_EAST_1'}, Tag{name='workloadType', value='OPERATIONAL'}]}, electionId=7fffffff0000000000000004, setVersion=1, topologyVersion=null, lastWriteDate=Fri Oct 30 11:40:07 BRT 2020, lastUpdateTimeNanos=6404427467879}
11:40:16.330 [cluster-ClusterId{value='5f9c25cf0a471015d357d459', description='null'}-database-shard-00-01.hwxyu.gcp.mongodb.net:27017] INFO org.mongodb.driver.cluster - Monitor thread successfully connected to server with description ServerDescription{address=database-shard-00-01.hwxyu.gcp.mongodb.net:27017, type=REPLICA_SET_SECONDARY, state=CONNECTED, ok=true, minWireVersion=0, maxWireVersion=8, maxDocumentSize=16777216, logicalSessionTimeoutMinutes=30, roundTripTimeNanos=335090890, setName='atlas-kqytp0-shard-0', canonicalAddress=database-shard-00-01.hwxyu.gcp.mongodb.net:27017, hosts=[database-shard-00-02.hwxyu.gcp.mongodb.net:27017, database-shard-00-01.hwxyu.gcp.mongodb.net:27017, database-shard-00-00.hwxyu.gcp.mongodb.net:27017], passives=[], arbiters=[], primary='database-shard-00-02.hwxyu.gcp.mongodb.net:27017', tagSet=TagSet{[Tag{name='nodeType', value='ELECTABLE'}, Tag{name='provider', value='GCP'}, Tag{name='region', value='SOUTH_AMERICA_EAST_1'}, Tag{name='workloadType', value='OPERATIONAL'}]}, electionId=null, setVersion=1, topologyVersion=null, lastWriteDate=Fri Oct 30 11:40:07 BRT 2020, lastUpdateTimeNanos=6404427396118}
11:40:16.330 [cluster-ClusterId{value='5f9c25cf0a471015d357d459', description='null'}-database-shard-00-00.hwxyu.gcp.mongodb.net:27017] INFO org.mongodb.driver.cluster - Monitor thread successfully connected to server with description ServerDescription{address=database-shard-00-00.hwxyu.gcp.mongodb.net:27017, type=REPLICA_SET_SECONDARY, state=CONNECTED, ok=true, minWireVersion=0, maxWireVersion=8, maxDocumentSize=16777216, logicalSessionTimeoutMinutes=30, roundTripTimeNanos=335979275, setName='atlas-kqytp0-shard-0', canonicalAddress=database-shard-00-00.hwxyu.gcp.mongodb.net:27017, hosts=[database-shard-00-02.hwxyu.gcp.mongodb.net:27017, database-shard-00-01.hwxyu.gcp.mongodb.net:27017, database-shard-00-00.hwxyu.gcp.mongodb.net:27017], passives=[], arbiters=[], primary='database-shard-00-02.hwxyu.gcp.mongodb.net:27017', tagSet=TagSet{[Tag{name='nodeType', value='ELECTABLE'}, Tag{name='provider', value='GCP'}, Tag{name='region', value='SOUTH_AMERICA_EAST_1'}, Tag{name='workloadType', value='OPERATIONAL'}]}, electionId=null, setVersion=1, topologyVersion=null, lastWriteDate=Fri Oct 30 11:40:07 BRT 2020, lastUpdateTimeNanos=6404428044354}
11:40:16.334 [cluster-ClusterId{value='5f9c25cf0a471015d357d459', description='null'}-database-shard-00-00.hwxyu.gcp.mongodb.net:27017] DEBUG org.mongodb.driver.cluster - Updating cluster description to  {type=REPLICA_SET, servers=[{address=database-shard-00-01.hwxyu.gcp.mongodb.net:27017, type=UNKNOWN, state=CONNECTING}, {address=database-shard-00-02.hwxyu.gcp.mongodb.net:27017, type=UNKNOWN, state=CONNECTING}, {address=database-shard-00-00.hwxyu.gcp.mongodb.net:27017, type=REPLICA_SET_SECONDARY, TagSet{[Tag{name='nodeType', value='ELECTABLE'}, Tag{name='provider', value='GCP'}, Tag{name='region', value='SOUTH_AMERICA_EAST_1'}, Tag{name='workloadType', value='OPERATIONAL'}]}, roundTripTime=336.0 ms, state=CONNECTED}]
11:40:16.335 [cluster-ClusterId{value='5f9c25cf0a471015d357d459', description='null'}-database-shard-00-01.hwxyu.gcp.mongodb.net:27017] DEBUG org.mongodb.driver.cluster - Updating cluster description to  {type=REPLICA_SET, servers=[{address=database-shard-00-01.hwxyu.gcp.mongodb.net:27017, type=REPLICA_SET_SECONDARY, TagSet{[Tag{name='nodeType', value='ELECTABLE'}, Tag{name='provider', value='GCP'}, Tag{name='region', value='SOUTH_AMERICA_EAST_1'}, Tag{name='workloadType', value='OPERATIONAL'}]}, roundTripTime=335.1 ms, state=CONNECTED}, {address=database-shard-00-02.hwxyu.gcp.mongodb.net:27017, type=UNKNOWN, state=CONNECTING}, {address=database-shard-00-00.hwxyu.gcp.mongodb.net:27017, type=REPLICA_SET_SECONDARY, TagSet{[Tag{name='nodeType', value='ELECTABLE'}, Tag{name='provider', value='GCP'}, Tag{name='region', value='SOUTH_AMERICA_EAST_1'}, Tag{name='workloadType', value='OPERATIONAL'}]}, roundTripTime=336.0 ms, state=CONNECTED}]
11:40:16.335 [cluster-ClusterId{value='5f9c25cf0a471015d357d459', description='null'}-database-shard-00-02.hwxyu.gcp.mongodb.net:27017] INFO org.mongodb.driver.cluster - Setting max election id to 7fffffff0000000000000004 from replica set primary database-shard-00-02.hwxyu.gcp.mongodb.net:27017
11:40:16.335 [cluster-ClusterId{value='5f9c25cf0a471015d357d459', description='null'}-database-shard-00-02.hwxyu.gcp.mongodb.net:27017] INFO org.mongodb.driver.cluster - Setting max set version to 1 from replica set primary database-shard-00-02.hwxyu.gcp.mongodb.net:27017
11:40:16.336 [cluster-ClusterId{value='5f9c25cf0a471015d357d459', description='null'}-database-shard-00-02.hwxyu.gcp.mongodb.net:27017] INFO org.mongodb.driver.cluster - Discovered replica set primary database-shard-00-02.hwxyu.gcp.mongodb.net:27017
11:40:16.336 [cluster-ClusterId{value='5f9c25cf0a471015d357d459', description='null'}-database-shard-00-02.hwxyu.gcp.mongodb.net:27017] DEBUG org.mongodb.driver.cluster - Updating cluster description to  {type=REPLICA_SET, servers=[{address=database-shard-00-01.hwxyu.gcp.mongodb.net:27017, type=REPLICA_SET_SECONDARY, TagSet{[Tag{name='nodeType', value='ELECTABLE'}, Tag{name='provider', value='GCP'}, Tag{name='region', value='SOUTH_AMERICA_EAST_1'}, Tag{name='workloadType', value='OPERATIONAL'}]}, roundTripTime=335.1 ms, state=CONNECTED}, {address=database-shard-00-02.hwxyu.gcp.mongodb.net:27017, type=REPLICA_SET_PRIMARY, TagSet{[Tag{name='nodeType', value='ELECTABLE'}, Tag{name='provider', value='GCP'}, Tag{name='region', value='SOUTH_AMERICA_EAST_1'}, Tag{name='workloadType', value='OPERATIONAL'}]}, roundTripTime=331.3 ms, state=CONNECTED}, {address=database-shard-00-00.hwxyu.gcp.mongodb.net:27017, type=REPLICA_SET_SECONDARY, TagSet{[Tag{name='nodeType', value='ELECTABLE'}, Tag{name='provider', value='GCP'}, Tag{name='region', value='SOUTH_AMERICA_EAST_1'}, Tag{name='workloadType', value='OPERATIONAL'}]}, roundTripTime=336.0 ms, state=CONNECTED}]
11:40:18.722 [Test worker] INFO org.mongodb.driver.cluster - Cluster created with settings {hosts=[127.0.0.1:27017], srvHost=database.hwxyu.gcp.mongodb.net, mode=MULTIPLE, requiredClusterType=REPLICA_SET, serverSelectionTimeout='30000 ms', requiredReplicaSetName='atlas-kqytp0-shard-0'}
11:40:18.724 [cluster-ClusterId{value='5f9c25d20a471015d357d45a', description='null'}-srv-database.hwxyu.gcp.mongodb.net] INFO org.mongodb.driver.cluster - Adding discovered server database-shard-00-01.hwxyu.gcp.mongodb.net:27017 to client view of cluster
11:40:18.726 [cluster-ClusterId{value='5f9c25d20a471015d357d45a', description='null'}-srv-database.hwxyu.gcp.mongodb.net] INFO org.mongodb.driver.cluster - Adding discovered server database-shard-00-02.hwxyu.gcp.mongodb.net:27017 to client view of cluster
]]></system-out>
  <system-err><![CDATA[]]></system-err>
</testsuite>
